<?xml version="1.0" encoding="UTF-8"?>
<testsuite xmlns:xsi="http://www.w3.org/2001/XMLSchema-instance" xsi:noNamespaceSchemaLocation="https://maven.apache.org/surefire/maven-surefire-plugin/xsd/surefire-test-report-3.0.xsd" version="3.0" name="org.saahilmakes.BackendMTRS.BackendMtrsApplicationTests" time="7.386" tests="1" errors="0" skipped="0" failures="0">
  <properties>
[...]
</properties>
  <testcase name="contextLoads" classname="org.saahilmakes.BackendMTRS.BackendMtrsApplicationTests" time="0.533">
    <system-out><![CDATA[14:59:17.222 [main] INFO org.springframework.test.context.support.AnnotationConfigContextLoaderUtils -- Could not detect default configuration classes for test class [org.saahilmakes.BackendMTRS.BackendMtrsApplicationTests]: BackendMtrsApplicationTests does not declare any static, non-private, non-final, nested classes annotated with @Configuration.
14:59:17.330 [main] INFO org.springframework.boot.test.context.SpringBootTestContextBootstrapper -- Found @SpringBootConfiguration org.saahilmakes.BackendMTRS.BackendMtrsApplication for test class org.saahilmakes.BackendMTRS.BackendMtrsApplicationTests

  .   ____          _            __ _ _
 /\\ / ___'_ __ _ _(_)_ __  __ _ \ \ \ \
( ( )\___ | '_ | '_| | '_ \/ _` | \ \ \ \
 \\/  ___)| |_)| | | | | || (_| |  ) ) ) )
  '  |____| .__|_| |_|_| |_\__, | / / / /
 =========|_|==============|___/=/_/_/_/
 :: Spring Boot ::                (v3.1.0)

2023-06-30T14:59:18.109-05:00  INFO 4604 --- [           main] o.s.B.BackendMtrsApplicationTests        : Starting BackendMtrsApplicationTests using Java 17.0.1 with PID 4604 (started by ASUS in G:\Movie Ticket Reservation System\Backend-MTRS)
2023-06-30T14:59:18.111-05:00  INFO 4604 --- [           main] o.s.B.BackendMtrsApplicationTests        : The following 1 profile is active: "prod"
2023-06-30T14:59:19.029-05:00  INFO 4604 --- [           main] .s.d.r.c.RepositoryConfigurationDelegate : Bootstrapping Spring Data JPA repositories in DEFAULT mode.
2023-06-30T14:59:19.105-05:00  INFO 4604 --- [           main] .s.d.r.c.RepositoryConfigurationDelegate : Finished Spring Data repository scanning in 63 ms. Found 2 JPA repository interfaces.
2023-06-30T14:59:19.804-05:00  INFO 4604 --- [           main] o.hibernate.jpa.internal.util.LogHelper  : HHH000204: Processing PersistenceUnitInfo [name: default]
2023-06-30T14:59:19.867-05:00  INFO 4604 --- [           main] org.hibernate.Version                    : HHH000412: Hibernate ORM core version 6.2.2.Final
2023-06-30T14:59:19.869-05:00  INFO 4604 --- [           main] org.hibernate.cfg.Environment            : HHH000406: Using bytecode reflection optimizer
2023-06-30T14:59:20.078-05:00  INFO 4604 --- [           main] o.h.b.i.BytecodeProviderInitiator        : HHH000021: Bytecode provider name : bytebuddy
2023-06-30T14:59:20.244-05:00  INFO 4604 --- [           main] o.s.o.j.p.SpringPersistenceUnitInfo      : No LoadTimeWeaver setup: ignoring JPA class transformer
2023-06-30T14:59:20.266-05:00  INFO 4604 --- [           main] com.zaxxer.hikari.HikariDataSource       : HikariPool-1 - Starting...
2023-06-30T14:59:20.953-05:00  INFO 4604 --- [           main] com.zaxxer.hikari.pool.HikariPool        : HikariPool-1 - Added connection org.postgresql.jdbc.PgConnection@1a4083f6
2023-06-30T14:59:20.954-05:00  INFO 4604 --- [           main] com.zaxxer.hikari.HikariDataSource       : HikariPool-1 - Start completed.
2023-06-30T14:59:21.096-05:00  INFO 4604 --- [           main] org.hibernate.orm.dialect                : HHH035001: Using dialect: org.hibernate.dialect.PostgreSQLDialect, version: org.hibernate.engine.jdbc.env.internal.JdbcEnvironmentInitiator$DialectResolutionInfoImpl@4cc26df
2023-06-30T14:59:21.382-05:00  INFO 4604 --- [           main] o.h.b.i.BytecodeProviderInitiator        : HHH000021: Bytecode provider name : bytebuddy
2023-06-30T14:59:22.037-05:00  INFO 4604 --- [           main] o.h.e.t.j.p.i.JtaPlatformInitiator       : HHH000490: Using JtaPlatform implementation: [org.hibernate.engine.transaction.jta.platform.internal.NoJtaPlatform]
Hibernate: drop table if exists movies cascade
2023-06-30T14:59:22.129-05:00  WARN 4604 --- [           main] o.h.engine.jdbc.spi.SqlExceptionHelper   : SQL Warning Code: 0, SQLState: 00000
2023-06-30T14:59:22.129-05:00  WARN 4604 --- [           main] o.h.engine.jdbc.spi.SqlExceptionHelper   : table "movies" does not exist, skipping
Hibernate: drop table if exists users cascade
2023-06-30T14:59:22.166-05:00  WARN 4604 --- [           main] o.h.engine.jdbc.spi.SqlExceptionHelper   : SQL Warning Code: 0, SQLState: 00000
2023-06-30T14:59:22.166-05:00  WARN 4604 --- [           main] o.h.engine.jdbc.spi.SqlExceptionHelper   : table "users" does not exist, skipping
Hibernate: create table movies (rating integer not null, release_date integer not null, movie_id bigserial not null, duration varchar(255), genre varchar(255), movie_img varchar(255), title varchar(255), primary key (movie_id))
Hibernate: create table users (phone integer, user_id bigserial not null, email varchar(255), password varchar(255), role varchar(255), username varchar(255), primary key (user_id))
2023-06-30T14:59:22.301-05:00  INFO 4604 --- [           main] o.h.t.s.i.e.GenerationTargetToDatabase   : HHH000476: Executing script '[injected ScriptSourceInputNonExistentImpl script]'
2023-06-30T14:59:22.304-05:00  INFO 4604 --- [           main] j.LocalContainerEntityManagerFactoryBean : Initialized JPA EntityManagerFactory for persistence unit 'default'
2023-06-30T14:59:22.612-05:00  INFO 4604 --- [           main] o.s.d.j.r.query.QueryEnhancerFactory     : Hibernate is in classpath; If applicable, HQL parser will be used.
2023-06-30T14:59:22.723-05:00  WARN 4604 --- [           main] JpaBaseConfiguration$JpaWebConfiguration : spring.jpa.open-in-view is enabled by default. Therefore, database queries may be performed during view rendering. Explicitly configure spring.jpa.open-in-view to disable this warning
2023-06-30T14:59:22.757-05:00 TRACE 4604 --- [           main] eGlobalAuthenticationAutowiredConfigurer : Eagerly initializing {securityConfig=org.saahilmakes.BackendMTRS.Config.SecurityConfig$$SpringCGLIB$$0@3b80bb63}
2023-06-30T14:59:23.213-05:00  INFO 4604 --- [           main] o.s.s.web.DefaultSecurityFilterChain     : Will secure any request with [org.springframework.security.web.session.DisableEncodeUrlFilter@cbaabfb, org.springframework.security.web.context.request.async.WebAsyncManagerIntegrationFilter@48614fb3, org.springframework.security.web.context.SecurityContextHolderFilter@5cef5fc9, org.springframework.security.web.header.HeaderWriterFilter@600a1270, org.springframework.web.filter.CorsFilter@4eb3b690, org.springframework.security.web.authentication.logout.LogoutFilter@e30a8ef, org.springframework.security.oauth2.client.web.OAuth2AuthorizationRequestRedirectFilter@6f70015, org.springframework.security.oauth2.client.web.OAuth2LoginAuthenticationFilter@1d5fc340, org.springframework.security.web.authentication.ui.DefaultLoginPageGeneratingFilter@362e6fe, org.springframework.security.web.authentication.ui.DefaultLogoutPageGeneratingFilter@1d01fa0c, org.springframework.security.oauth2.server.resource.web.authentication.BearerTokenAuthenticationFilter@1de398c3, org.springframework.security.web.authentication.www.BasicAuthenticationFilter@73476e2d, org.springframework.security.web.savedrequest.RequestCacheAwareFilter@7b6b8cea, org.springframework.security.web.servletapi.SecurityContextHolderAwareRequestFilter@4a7427f9, org.springframework.security.web.authentication.AnonymousAuthenticationFilter@44bd7f24, org.springframework.security.web.session.SessionManagementFilter@28effa3f, org.springframework.security.web.access.ExceptionTranslationFilter@6d911985, org.springframework.security.web.access.intercept.AuthorizationFilter@28d37d43]
2023-06-30T14:59:23.836-05:00  INFO 4604 --- [           main] o.s.B.BackendMtrsApplicationTests        : Started BackendMtrsApplicationTests in 6.261 seconds (process running for 7.425)
]]></system-out>
  </testcase>
</testsuite>